<?xml version="1.0" encoding="UTF-8"?>
<!-- Generated by org.testng.reporters.JUnitReportReporter -->
<testsuite skipped="0" hostname="DESKTOP-UUTUU8G" name="practice.TechUs.DevelopementTeamPage" tests="1" failures="0" timestamp="09 Sep 2019 10:44:01 GMT" time="8.393" errors="0">
  <testcase name="pageTitleVerify" time="8.393" classname="practice.TechUs.DevelopementTeamPage"/>
</testsuite> <!-- practice.TechUs.DevelopementTeamPage -->
