<?xml version="1.0" encoding="UTF-8"?>
<!-- Generated by org.testng.reporters.JUnitReportReporter -->
<testsuite skipped="0" hostname="DESKTOP-UUTUU8G" name="practice.TechUs.ContactPage" tests="1" failures="0" timestamp="09 Sep 2019 10:44:02 GMT" time="14.027" errors="0">
  <testcase name="pageTitleVerify" time="14.027" classname="practice.TechUs.ContactPage"/>
</testsuite> <!-- practice.TechUs.ContactPage -->
