<?xml version="1.0" encoding="UTF-8"?>
<!-- Generated by org.testng.reporters.JUnitReportReporter -->
<testsuite skipped="0" hostname="DESKTOP-UUTUU8G" name="practice.TechUs.FAQPage" tests="1" failures="0" timestamp="09 Sep 2019 10:44:02 GMT" time="4.365" errors="0">
  <testcase name="pageTitleVerify" time="4.365" classname="practice.TechUs.FAQPage"/>
</testsuite> <!-- practice.TechUs.FAQPage -->
