<?xml version="1.0" encoding="UTF-8"?>
<!-- Generated by org.testng.reporters.JUnitReportReporter -->
<testsuite skipped="0" hostname="DESKTOP-UUTUU8G" name="practice.TechUs.ArtificialInteligencePage" tests="1" failures="0" timestamp="09 Sep 2019 10:44:02 GMT" time="10.237" errors="0">
  <testcase name="pageTitleVerify" time="10.237" classname="practice.TechUs.ArtificialInteligencePage"/>
</testsuite> <!-- practice.TechUs.ArtificialInteligencePage -->
