<?xml version="1.0" encoding="UTF-8"?>
<!-- Generated by org.testng.reporters.JUnitReportReporter -->
<testsuite skipped="0" hostname="DESKTOP-UUTUU8G" name="practice.TechUs.TestimonialPage" tests="1" failures="0" timestamp="09 Sep 2019 10:44:02 GMT" time="17.811" errors="0">
  <testcase name="pageTitleVerify" time="17.811" classname="practice.TechUs.TestimonialPage"/>
</testsuite> <!-- practice.TechUs.TestimonialPage -->
