<?xml version="1.0" encoding="UTF-8"?>
<!-- Generated by org.testng.reporters.JUnitReportReporter -->
<testsuite skipped="0" hostname="DESKTOP-UUTUU8G" name="practice.TechUs.TestimonialPage" tests="1" failures="0" timestamp="11 Sep 2019 10:38:47 GMT" time="18.934" errors="0">
  <testcase name="pageTitleVerify" time="18.934" classname="practice.TechUs.TestimonialPage"/>
</testsuite> <!-- practice.TechUs.TestimonialPage -->
