<?xml version="1.0" encoding="UTF-8"?>
<!-- Generated by org.testng.reporters.JUnitReportReporter -->
<testsuite skipped="0" hostname="DESKTOP-UUTUU8G" name="practice.TechUs.SoftwareModernizationPage" tests="1" failures="0" timestamp="11 Sep 2019 10:38:47 GMT" time="4.745" errors="0">
  <testcase name="pageTitleVerify" time="4.745" classname="practice.TechUs.SoftwareModernizationPage"/>
</testsuite> <!-- practice.TechUs.SoftwareModernizationPage -->
