<?xml version="1.0" encoding="UTF-8"?>
<!-- Generated by org.testng.reporters.JUnitReportReporter -->
<testsuite skipped="0" hostname="DESKTOP-UUTUU8G" name="practice.TechUs.TestimonialPage" tests="1" failures="0" timestamp="10 Sep 2019 12:12:59 GMT" time="12.320" errors="0">
  <testcase name="pageTitleVerify" time="12.320" classname="practice.TechUs.TestimonialPage"/>
</testsuite> <!-- practice.TechUs.TestimonialPage -->
