<?xml version="1.0" encoding="UTF-8"?>
<!-- Generated by org.testng.reporters.JUnitReportReporter -->
<testsuite skipped="0" hostname="DESKTOP-UUTUU8G" name="practice.TechUs.PricingPage" tests="1" failures="0" timestamp="17 Sep 2019 12:04:38 GMT" time="3.205" errors="0">
  <testcase name="pageTitleVerify" time="3.205" classname="practice.TechUs.PricingPage"/>
</testsuite> <!-- practice.TechUs.PricingPage -->
