<?xml version="1.0" encoding="UTF-8"?>
<!-- Generated by org.testng.reporters.JUnitReportReporter -->
<testsuite skipped="0" hostname="DESKTOP-UUTUU8G" name="practice.TechUs.ArtificialInteligencePage" tests="1" failures="0" timestamp="11 Sep 2019 10:35:26 GMT" time="8.239" errors="0">
  <testcase name="pageTitleVerify" time="8.239" classname="practice.TechUs.ArtificialInteligencePage"/>
</testsuite> <!-- practice.TechUs.ArtificialInteligencePage -->
