<?xml version="1.0" encoding="UTF-8"?>
<!-- Generated by org.testng.reporters.JUnitReportReporter -->
<testsuite skipped="0" hostname="DESKTOP-UUTUU8G" name="practice.TechUs.PricingPage" tests="1" failures="0" timestamp="09 Sep 2019 05:43:42 GMT" time="5.812" errors="0">
  <testcase name="pageTitleVerify" time="5.812" classname="practice.TechUs.PricingPage"/>
</testsuite> <!-- practice.TechUs.PricingPage -->
