<?xml version="1.0" encoding="UTF-8"?>
<!-- Generated by org.testng.reporters.JUnitReportReporter -->
<testsuite skipped="0" hostname="DESKTOP-UUTUU8G" name="practice.TechUs.SoftwareDevPage" tests="1" failures="0" timestamp="09 Sep 2019 05:43:42 GMT" time="11.456" errors="0">
  <testcase name="pageTitleVerify" time="11.456" classname="practice.TechUs.SoftwareDevPage"/>
</testsuite> <!-- practice.TechUs.SoftwareDevPage -->
