<?xml version="1.0" encoding="UTF-8"?>
<!-- Generated by org.testng.reporters.JUnitReportReporter -->
<testsuite skipped="0" hostname="DESKTOP-UUTUU8G" name="practice.TechUs.SoftwareModernizationPage" tests="1" failures="0" timestamp="10 Sep 2019 12:12:59 GMT" time="3.706" errors="0">
  <testcase name="pageTitleVerify" time="3.706" classname="practice.TechUs.SoftwareModernizationPage"/>
</testsuite> <!-- practice.TechUs.SoftwareModernizationPage -->
