<?xml version="1.0" encoding="UTF-8"?>
<!-- Generated by org.testng.reporters.JUnitReportReporter -->
<testsuite skipped="0" hostname="DESKTOP-UUTUU8G" name="practice.TechUs.HowItWorksPage" tests="1" failures="0" timestamp="10 Sep 2019 12:13:00 GMT" time="11.437" errors="0">
  <testcase name="pageTitleVerify" time="11.437" classname="practice.TechUs.HowItWorksPage"/>
</testsuite> <!-- practice.TechUs.HowItWorksPage -->
