<?xml version="1.0" encoding="UTF-8"?>
<!-- Generated by org.testng.reporters.JUnitReportReporter -->
<testsuite skipped="0" hostname="DESKTOP-UUTUU8G" name="practice.TechUs.ArtificialInteligencePage" tests="1" failures="0" timestamp="10 Sep 2019 12:13:00 GMT" time="21.499" errors="0">
  <testcase name="pageTitleVerify" time="21.499" classname="practice.TechUs.ArtificialInteligencePage"/>
</testsuite> <!-- practice.TechUs.ArtificialInteligencePage -->
