<?xml version="1.0" encoding="UTF-8"?>
<!-- Generated by org.testng.reporters.JUnitReportReporter -->
<testsuite skipped="0" hostname="DESKTOP-UUTUU8G" name="practice.TechUs.DevelopementTeamPage" tests="1" failures="0" timestamp="10 Sep 2019 12:12:59 GMT" time="5.013" errors="0">
  <testcase name="pageTitleVerify" time="5.013" classname="practice.TechUs.DevelopementTeamPage"/>
</testsuite> <!-- practice.TechUs.DevelopementTeamPage -->
