<?xml version="1.0" encoding="UTF-8"?>
<!-- Generated by org.testng.reporters.JUnitReportReporter -->
<testsuite skipped="0" hostname="DESKTOP-UUTUU8G" name="practice.TechUs.FAQPage" tests="1" failures="0" timestamp="11 Sep 2019 10:35:26 GMT" time="5.704" errors="0">
  <testcase name="pageTitleVerify" time="5.704" classname="practice.TechUs.FAQPage"/>
</testsuite> <!-- practice.TechUs.FAQPage -->
