<?xml version="1.0" encoding="UTF-8"?>
<!-- Generated by org.testng.reporters.JUnitReportReporter -->
<testsuite skipped="0" hostname="DESKTOP-UUTUU8G" name="practice.TechUs.WebCloudApplicationPage" tests="1" failures="0" timestamp="09 Sep 2019 05:43:42 GMT" time="13.677" errors="0">
  <testcase name="pageTitleVerify" time="13.677" classname="practice.TechUs.WebCloudApplicationPage"/>
</testsuite> <!-- practice.TechUs.WebCloudApplicationPage -->
