<?xml version="1.0" encoding="UTF-8"?>
<!-- Generated by org.testng.reporters.JUnitReportReporter -->
<testsuite skipped="0" hostname="DESKTOP-UUTUU8G" name="practice.TechUs.HomePage" tests="1" failures="0" timestamp="10 Sep 2019 12:13:00 GMT" time="2.040" errors="0">
  <testcase name="pageTitleVerify" time="2.040" classname="practice.TechUs.HomePage"/>
</testsuite> <!-- practice.TechUs.HomePage -->
