<?xml version="1.0" encoding="UTF-8"?>
<!-- Generated by org.testng.reporters.JUnitReportReporter -->
<testsuite skipped="0" hostname="DESKTOP-UUTUU8G" name="practice.TechUs.MobileAppDevPage" tests="1" failures="0" timestamp="10 Sep 2019 12:13:00 GMT" time="4.799" errors="0">
  <testcase name="pageTitleVerify" time="4.799" classname="practice.TechUs.MobileAppDevPage"/>
</testsuite> <!-- practice.TechUs.MobileAppDevPage -->
