<?xml version="1.0" encoding="UTF-8"?>
<!-- Generated by org.testng.reporters.JUnitReportReporter -->
<testsuite skipped="0" hostname="DESKTOP-UUTUU8G" name="practice.TechUs.ArtificialInteligencePage" tests="1" failures="0" timestamp="18 Sep 2019 04:07:53 GMT" time="5.176" errors="0">
  <testcase name="pageTitleVerify" time="5.176" classname="practice.TechUs.ArtificialInteligencePage"/>
</testsuite> <!-- practice.TechUs.ArtificialInteligencePage -->
