<?xml version="1.0" encoding="UTF-8"?>
<!-- Generated by org.testng.reporters.JUnitReportReporter -->
<testsuite skipped="0" hostname="DESKTOP-UUTUU8G" name="practice.TechUs.DevelopementTeamPage" tests="1" failures="0" timestamp="17 Sep 2019 12:04:38 GMT" time="3.354" errors="0">
  <testcase name="pageTitleVerify" time="3.354" classname="practice.TechUs.DevelopementTeamPage"/>
</testsuite> <!-- practice.TechUs.DevelopementTeamPage -->
