<?xml version="1.0" encoding="UTF-8"?>
<!-- Generated by org.testng.reporters.JUnitReportReporter -->
<testsuite skipped="0" hostname="DESKTOP-UUTUU8G" name="practice.TechUs.PricingPage" tests="1" failures="0" timestamp="11 Sep 2019 10:35:26 GMT" time="7.151" errors="0">
  <testcase name="pageTitleVerify" time="7.151" classname="practice.TechUs.PricingPage"/>
</testsuite> <!-- practice.TechUs.PricingPage -->
