<?xml version="1.0" encoding="UTF-8"?>
<!-- Generated by org.testng.reporters.JUnitReportReporter -->
<testsuite skipped="0" hostname="DESKTOP-UUTUU8G" name="practice.TechUs.OurServices" tests="1" failures="0" timestamp="12 Sep 2019 07:27:07 GMT" time="3.727" errors="0">
  <testcase name="pageTitleVerify" time="3.727" classname="practice.TechUs.OurServices"/>
</testsuite> <!-- practice.TechUs.OurServices -->
