<?xml version="1.0" encoding="UTF-8"?>
<!-- Generated by org.testng.reporters.JUnitReportReporter -->
<testsuite skipped="0" hostname="DESKTOP-UUTUU8G" name="practice.TechUs.OurServices" tests="1" failures="0" timestamp="17 Sep 2019 12:04:38 GMT" time="8.890" errors="0">
  <testcase name="pageTitleVerify" time="8.890" classname="practice.TechUs.OurServices"/>
</testsuite> <!-- practice.TechUs.OurServices -->
