<?xml version="1.0" encoding="UTF-8"?>
<!-- Generated by org.testng.reporters.JUnitReportReporter -->
<testsuite skipped="0" hostname="DESKTOP-UUTUU8G" name="practice.TechUs.ContactPage" tests="1" failures="0" timestamp="17 Sep 2019 12:04:38 GMT" time="6.275" errors="0">
  <testcase name="pageTitleVerify" time="6.275" classname="practice.TechUs.ContactPage"/>
</testsuite> <!-- practice.TechUs.ContactPage -->
