<?xml version="1.0" encoding="UTF-8"?>
<!-- Generated by org.testng.reporters.JUnitReportReporter -->
<testsuite skipped="0" hostname="DESKTOP-UUTUU8G" name="practice.TechUs.WebCloudApplicationPage" tests="1" failures="0" timestamp="17 Sep 2019 12:04:38 GMT" time="4.562" errors="0">
  <testcase name="pageTitleVerify" time="4.562" classname="practice.TechUs.WebCloudApplicationPage"/>
</testsuite> <!-- practice.TechUs.WebCloudApplicationPage -->
